<?xml version="1.0" encoding="UTF-8"?>
<testsuite xmlns:xsi="http://www.w3.org/2001/XMLSchema-instance" xsi:noNamespaceSchemaLocation="https://maven.apache.org/surefire/maven-surefire-plugin/xsd/surefire-test-report-3.0.xsd" version="3.0" name="com.Biblioteca.app.BibliotecaApplicationTests" time="3.404" tests="1" errors="0" skipped="0" failures="0">
  <properties>
[...]
</properties>
  <testcase name="contextLoads" classname="com.Biblioteca.app.BibliotecaApplicationTests" time="0.69">
    <system-out><![CDATA[18:54:17.144 [main] INFO org.springframework.test.context.support.AnnotationConfigContextLoaderUtils -- Could not detect default configuration classes for test class [com.Biblioteca.app.BibliotecaApplicationTests]: BibliotecaApplicationTests does not declare any static, non-private, non-final, nested classes annotated with @Configuration.
18:54:17.227 [main] INFO org.springframework.boot.test.context.SpringBootTestContextBootstrapper -- Found @SpringBootConfiguration com.Biblioteca.app.BibliotecaApplication for test class com.Biblioteca.app.BibliotecaApplicationTests
18:54:17.375 [main] INFO org.springframework.boot.devtools.restart.RestartApplicationListener -- Restart disabled due to context in which it is running
  .   ____          _            __ _ _
 /\\ / ___'_ __ _ _(_)_ __  __ _ \ \ \ \
( ( )\___ | '_ | '_| | '_ \/ _` | \ \ \ \
 \\/  ___)| |_)| | | | | || (_| |  ) ) ) )
  '  |____| .__|_| |_|_| |_\__, | / / / /
 =========|_|==============|___/=/_/_/_/

 :: Spring Boot ::                (v3.3.0)

2024-05-30T18:54:17.603-05:00  INFO 16904 --- [BibliotecaPrueba] [           main] c.B.app.BibliotecaApplicationTests       : Starting BibliotecaApplicationTests using Java 17.0.10 with PID 16904 (started by Nelson in C:\Users\sierr\Desktop\BibliotecaPrueba1)
2024-05-30T18:54:17.606-05:00  INFO 16904 --- [BibliotecaPrueba] [           main] c.B.app.BibliotecaApplicationTests       : No active profile set, falling back to 1 default profile: "default"
2024-05-30T18:54:18.146-05:00  INFO 16904 --- [BibliotecaPrueba] [           main] .s.d.r.c.RepositoryConfigurationDelegate : Bootstrapping Spring Data MongoDB repositories in DEFAULT mode.
2024-05-30T18:54:18.212-05:00  INFO 16904 --- [BibliotecaPrueba] [           main] .s.d.r.c.RepositoryConfigurationDelegate : Finished Spring Data repository scanning in 60 ms. Found 5 MongoDB repository interfaces.
2024-05-30T18:54:18.757-05:00  INFO 16904 --- [BibliotecaPrueba] [           main] org.mongodb.driver.client                : MongoClient with metadata {"driver": {"name": "mongo-java-driver|sync|spring-boot", "version": "5.0.1"}, "os": {"type": "Windows", "name": "Windows 11", "architecture": "amd64", "version": "10.0"}, "platform": "Java/Eclipse Adoptium/17.0.10+7"} created with settings MongoClientSettings{readPreference=primary, writeConcern=WriteConcern{w=null, wTimeout=null ms, journal=null}, retryWrites=true, retryReads=true, readConcern=ReadConcern{level=null}, credential=MongoCredential{mechanism=null, userName='classEmp', source='admin', password=<hidden>, mechanismProperties=<hidden>}, transportSettings=null, commandListeners=[], codecRegistry=ProvidersCodecRegistry{codecProviders=[ValueCodecProvider{}, BsonValueCodecProvider{}, DBRefCodecProvider{}, DBObjectCodecProvider{}, DocumentCodecProvider{}, CollectionCodecProvider{}, IterableCodecProvider{}, MapCodecProvider{}, GeoJsonCodecProvider{}, GridFSFileCodecProvider{}, Jsr310CodecProvider{}, JsonObjectCodecProvider{}, BsonCodecProvider{}, EnumCodecProvider{}, com.mongodb.client.model.mql.ExpressionCodecProvider@7f0b93b4, com.mongodb.Jep395RecordCodecProvider@1376883, com.mongodb.KotlinCodecProvider@1f736d00]}, loggerSettings=LoggerSettings{maxDocumentLength=1000}, clusterSettings={hosts=[127.0.0.1:27017], srvHost=apliemp.aawqpdq.mongodb.net, srvServiceName=mongodb, mode=MULTIPLE, requiredClusterType=REPLICA_SET, requiredReplicaSetName='atlas-29iahe-shard-0', serverSelector='null', clusterListeners='[]', serverSelectionTimeout='30000 ms', localThreshold='15 ms'}, socketSettings=SocketSettings{connectTimeoutMS=10000, readTimeoutMS=0, receiveBufferSize=0, proxySettings=ProxySettings{host=null, port=null, username=null, password=null}}, heartbeatSocketSettings=SocketSettings{connectTimeoutMS=10000, readTimeoutMS=10000, receiveBufferSize=0, proxySettings=ProxySettings{host=null, port=null, username=null, password=null}}, connectionPoolSettings=ConnectionPoolSettings{maxSize=100, minSize=0, maxWaitTimeMS=120000, maxConnectionLifeTimeMS=0, maxConnectionIdleTimeMS=0, maintenanceInitialDelayMS=0, maintenanceFrequencyMS=60000, connectionPoolListeners=[], maxConnecting=2}, serverSettings=ServerSettings{heartbeatFrequencyMS=10000, minHeartbeatFrequencyMS=500, serverListeners='[]', serverMonitorListeners='[]'}, sslSettings=SslSettings{enabled=true, invalidHostNameAllowed=false, context=null}, applicationName='null', compressorList=[], uuidRepresentation=JAVA_LEGACY, serverApi=null, autoEncryptionSettings=null, dnsClient=null, inetAddressResolver=null, contextProvider=null}
2024-05-30T18:54:18.853-05:00  INFO 16904 --- [BibliotecaPrueba] [pdq.mongodb.net] org.mongodb.driver.cluster               : Adding discovered server ac-8hxiwxg-shard-00-00.aawqpdq.mongodb.net:27017 to client view of cluster
2024-05-30T18:54:18.881-05:00  INFO 16904 --- [BibliotecaPrueba] [pdq.mongodb.net] org.mongodb.driver.cluster               : Adding discovered server ac-8hxiwxg-shard-00-02.aawqpdq.mongodb.net:27017 to client view of cluster
2024-05-30T18:54:18.884-05:00  INFO 16904 --- [BibliotecaPrueba] [pdq.mongodb.net] org.mongodb.driver.cluster               : Adding discovered server ac-8hxiwxg-shard-00-01.aawqpdq.mongodb.net:27017 to client view of cluster
2024-05-30T18:54:19.359-05:00  INFO 16904 --- [BibliotecaPrueba] [           main] o.s.b.a.w.s.WelcomePageHandlerMapping    : Adding welcome page template: index
2024-05-30T18:54:19.712-05:00  INFO 16904 --- [BibliotecaPrueba] [           main] c.B.app.BibliotecaApplicationTests       : Started BibliotecaApplicationTests in 2.351 seconds (process running for 3.167)
2024-05-30T18:54:19.865-05:00  INFO 16904 --- [BibliotecaPrueba] [ngodb.net:27017] org.mongodb.driver.cluster               : Monitor thread successfully connected to server with description ServerDescription{address=ac-8hxiwxg-shard-00-01.aawqpdq.mongodb.net:27017, type=REPLICA_SET_SECONDARY, state=CONNECTED, ok=true, minWireVersion=0, maxWireVersion=21, maxDocumentSize=16777216, logicalSessionTimeoutMinutes=30, roundTripTimeNanos=466584200, setName='atlas-29iahe-shard-0', canonicalAddress=ac-8hxiwxg-shard-00-01.aawqpdq.mongodb.net:27017, hosts=[ac-8hxiwxg-shard-00-02.aawqpdq.mongodb.net:27017, ac-8hxiwxg-shard-00-01.aawqpdq.mongodb.net:27017, ac-8hxiwxg-shard-00-00.aawqpdq.mongodb.net:27017], passives=[], arbiters=[], primary='ac-8hxiwxg-shard-00-02.aawqpdq.mongodb.net:27017', tagSet=TagSet{[Tag{name='availabilityZone', value='sae1-az3'}, Tag{name='diskState', value='READY'}, Tag{name='nodeType', value='ELECTABLE'}, Tag{name='provider', value='AWS'}, Tag{name='region', value='SA_EAST_1'}, Tag{name='workloadType', value='OPERATIONAL'}]}, electionId=null, setVersion=4, topologyVersion=TopologyVersion{processId=6655f3379f924af88b311e71, counter=3}, lastWriteDate=Thu May 30 18:54:20 COT 2024, lastUpdateTimeNanos=187178412715600}
2024-05-30T18:54:19.865-05:00  INFO 16904 --- [BibliotecaPrueba] [ngodb.net:27017] org.mongodb.driver.cluster               : Monitor thread successfully connected to server with description ServerDescription{address=ac-8hxiwxg-shard-00-00.aawqpdq.mongodb.net:27017, type=REPLICA_SET_SECONDARY, state=CONNECTED, ok=true, minWireVersion=0, maxWireVersion=21, maxDocumentSize=16777216, logicalSessionTimeoutMinutes=30, roundTripTimeNanos=542876100, setName='atlas-29iahe-shard-0', canonicalAddress=ac-8hxiwxg-shard-00-00.aawqpdq.mongodb.net:27017, hosts=[ac-8hxiwxg-shard-00-02.aawqpdq.mongodb.net:27017, ac-8hxiwxg-shard-00-01.aawqpdq.mongodb.net:27017, ac-8hxiwxg-shard-00-00.aawqpdq.mongodb.net:27017], passives=[], arbiters=[], primary='ac-8hxiwxg-shard-00-02.aawqpdq.mongodb.net:27017', tagSet=TagSet{[Tag{name='availabilityZone', value='sae1-az1'}, Tag{name='diskState', value='READY'}, Tag{name='nodeType', value='ELECTABLE'}, Tag{name='provider', value='AWS'}, Tag{name='region', value='SA_EAST_1'}, Tag{name='workloadType', value='OPERATIONAL'}]}, electionId=null, setVersion=4, topologyVersion=TopologyVersion{processId=6655f292404430957e037e47, counter=4}, lastWriteDate=Thu May 30 18:54:20 COT 2024, lastUpdateTimeNanos=187178413513800}
2024-05-30T18:54:19.866-05:00  INFO 16904 --- [BibliotecaPrueba] [ngodb.net:27017] org.mongodb.driver.cluster               : Monitor thread successfully connected to server with description ServerDescription{address=ac-8hxiwxg-shard-00-02.aawqpdq.mongodb.net:27017, type=REPLICA_SET_PRIMARY, state=CONNECTED, ok=true, minWireVersion=0, maxWireVersion=21, maxDocumentSize=16777216, logicalSessionTimeoutMinutes=30, roundTripTimeNanos=460950600, setName='atlas-29iahe-shard-0', canonicalAddress=ac-8hxiwxg-shard-00-02.aawqpdq.mongodb.net:27017, hosts=[ac-8hxiwxg-shard-00-02.aawqpdq.mongodb.net:27017, ac-8hxiwxg-shard-00-01.aawqpdq.mongodb.net:27017, ac-8hxiwxg-shard-00-00.aawqpdq.mongodb.net:27017], passives=[], arbiters=[], primary='ac-8hxiwxg-shard-00-02.aawqpdq.mongodb.net:27017', tagSet=TagSet{[Tag{name='availabilityZone', value='sae1-az2'}, Tag{name='diskState', value='READY'}, Tag{name='nodeType', value='ELECTABLE'}, Tag{name='provider', value='AWS'}, Tag{name='region', value='SA_EAST_1'}, Tag{name='workloadType', value='OPERATIONAL'}]}, electionId=7fffffff0000000000000009, setVersion=4, topologyVersion=TopologyVersion{processId=6655f2e4eb7f01a7236bbfb5, counter=6}, lastWriteDate=Thu May 30 18:54:20 COT 2024, lastUpdateTimeNanos=187178414093100}
2024-05-30T18:54:19.869-05:00  INFO 16904 --- [BibliotecaPrueba] [ngodb.net:27017] org.mongodb.driver.cluster               : Discovered replica set primary ac-8hxiwxg-shard-00-02.aawqpdq.mongodb.net:27017 with max election id 7fffffff0000000000000009 and max set version 4
]]></system-out>
  </testcase>
</testsuite>